2025-06-25T09:38:10.435+07:00  INFO 12748 --- [Ecommerce Development] [main] c.domrey.ecommerce.EcommerceApplication  : Starting EcommerceApplication using Java 17.0.14 with PID 12748 (D:\Dev_Projects\ecommerce\build\classes\java\main started by PC in D:\Dev_Projects\ecommerce)
2025-06-25T09:38:10.466+07:00  INFO 12748 --- [Ecommerce Development] [main] c.domrey.ecommerce.EcommerceApplication  : The following 1 profile is active: "dev"
2025-06-25T09:38:13.446+07:00  INFO 12748 --- [Ecommerce Development] [main] .s.d.r.c.RepositoryConfigurationDelegate : Bootstrapping Spring Data JPA repositories in DEFAULT mode.
2025-06-25T09:38:13.714+07:00  INFO 12748 --- [Ecommerce Development] [main] .s.d.r.c.RepositoryConfigurationDelegate : Finished Spring Data repository scanning in 233 ms. Found 5 JPA repository interfaces.
2025-06-25T09:38:15.564+07:00  INFO 12748 --- [Ecommerce Development] [main] o.s.b.w.embedded.tomcat.TomcatWebServer  : Tomcat initialized with port 8500 (http)
2025-06-25T09:38:15.593+07:00  INFO 12748 --- [Ecommerce Development] [main] o.apache.catalina.core.StandardService   : Starting service [Tomcat]
2025-06-25T09:38:15.593+07:00  INFO 12748 --- [Ecommerce Development] [main] o.apache.catalina.core.StandardEngine    : Starting Servlet engine: [Apache Tomcat/10.1.41]
2025-06-25T09:38:15.751+07:00  INFO 12748 --- [Ecommerce Development] [main] o.a.c.c.C.[Tomcat].[localhost].[/]       : Initializing Spring embedded WebApplicationContext
2025-06-25T09:38:15.751+07:00  INFO 12748 --- [Ecommerce Development] [main] w.s.c.ServletWebServerApplicationContext : Root WebApplicationContext: initialization completed in 5058 ms
2025-06-25T09:38:16.368+07:00  INFO 12748 --- [Ecommerce Development] [main] o.hibernate.jpa.internal.util.LogHelper  : HHH000204: Processing PersistenceUnitInfo [name: default]
2025-06-25T09:38:16.559+07:00  INFO 12748 --- [Ecommerce Development] [main] org.hibernate.Version                    : HHH000412: Hibernate ORM core version 6.6.15.Final
2025-06-25T09:38:16.693+07:00  INFO 12748 --- [Ecommerce Development] [main] o.h.c.internal.RegionFactoryInitiator    : HHH000026: Second-level cache disabled
2025-06-25T09:38:17.783+07:00  INFO 12748 --- [Ecommerce Development] [main] o.s.o.j.p.SpringPersistenceUnitInfo      : No LoadTimeWeaver setup: ignoring JPA class transformer
2025-06-25T09:38:17.888+07:00  INFO 12748 --- [Ecommerce Development] [main] com.zaxxer.hikari.HikariDataSource       : HikariPool-1 - Starting...
2025-06-25T09:38:18.415+07:00  INFO 12748 --- [Ecommerce Development] [main] com.zaxxer.hikari.pool.HikariPool        : HikariPool-1 - Added connection com.mysql.cj.jdbc.ConnectionImpl@31f1b268
2025-06-25T09:38:18.425+07:00  INFO 12748 --- [Ecommerce Development] [main] com.zaxxer.hikari.HikariDataSource       : HikariPool-1 - Start completed.
2025-06-25T09:38:18.617+07:00  WARN 12748 --- [Ecommerce Development] [main] org.hibernate.dialect.Dialect            : HHH000511: The 5.7.31 version for [org.hibernate.dialect.MySQLDialect] is no longer supported, hence certain features may not work properly. The minimum supported version is 8.0.0. Check the community dialects project for available legacy versions.
2025-06-25T09:38:18.731+07:00  INFO 12748 --- [Ecommerce Development] [main] org.hibernate.orm.connections.pooling    : HHH10001005: Database info:
	Database JDBC URL [Connecting through datasource 'HikariDataSource (HikariPool-1)']
	Database driver: undefined/unknown
	Database version: 5.7.31
	Autocommit mode: undefined/unknown
	Isolation level: undefined/unknown
	Minimum pool size: undefined/unknown
	Maximum pool size: undefined/unknown
2025-06-25T09:38:20.970+07:00  INFO 12748 --- [Ecommerce Development] [main] o.h.e.t.j.p.i.JtaPlatformInitiator       : HHH000489: No JTA platform available (set 'hibernate.transaction.jta.platform' to enable JTA platform integration)
2025-06-25T09:38:20.974+07:00  INFO 12748 --- [Ecommerce Development] [main] j.LocalContainerEntityManagerFactoryBean : Initialized JPA EntityManagerFactory for persistence unit 'default'
2025-06-25T09:38:22.240+07:00  INFO 12748 --- [Ecommerce Development] [main] o.s.d.j.r.query.QueryEnhancerFactory     : Hibernate is in classpath; If applicable, HQL parser will be used.
2025-06-25T09:38:22.477+07:00  WARN 12748 --- [Ecommerce Development] [main] JpaBaseConfiguration$JpaWebConfiguration : spring.jpa.open-in-view is enabled by default. Therefore, database queries may be performed during view rendering. Explicitly configure spring.jpa.open-in-view to disable this warning
2025-06-25T09:38:22.570+07:00  INFO 12748 --- [Ecommerce Development] [main] o.s.b.a.w.s.WelcomePageHandlerMapping    : Adding welcome page: class path resource [static/index.html]
2025-06-25T09:38:23.259+07:00  INFO 12748 --- [Ecommerce Development] [main] o.s.b.a.e.web.EndpointLinksResolver      : Exposing 3 endpoints beneath base path '/actuator'
2025-06-25T09:38:23.336+07:00  INFO 12748 --- [Ecommerce Development] [main] eAuthenticationProviderManagerConfigurer : Global AuthenticationManager configured with AuthenticationProvider bean with name authenticationProvider
2025-06-25T09:38:23.339+07:00  WARN 12748 --- [Ecommerce Development] [main] r$InitializeUserDetailsManagerConfigurer : Global AuthenticationManager configured with an AuthenticationProvider bean. UserDetailsService beans will not be used by Spring Security for automatically configuring username/password login. Consider removing the AuthenticationProvider bean. Alternatively, consider using the UserDetailsService in a manually instantiated DaoAuthenticationProvider. If the current configuration is intentional, to turn off this warning, increase the logging level of 'org.springframework.security.config.annotation.authentication.configuration.InitializeUserDetailsBeanManagerConfigurer' to ERROR
2025-06-25T09:38:24.651+07:00  INFO 12748 --- [Ecommerce Development] [main] o.s.b.w.embedded.tomcat.TomcatWebServer  : Tomcat started on port 8500 (http) with context path '/'
2025-06-25T09:38:24.682+07:00  INFO 12748 --- [Ecommerce Development] [main] c.domrey.ecommerce.EcommerceApplication  : Started EcommerceApplication in 15.393 seconds (process running for 16.46)
2025-06-25T09:39:12.459+07:00  INFO 12748 --- [Ecommerce Development] [http-nio-8500-exec-2] o.a.c.c.C.[Tomcat].[localhost].[/]       : Initializing Spring DispatcherServlet 'dispatcherServlet'
2025-06-25T09:39:12.460+07:00  INFO 12748 --- [Ecommerce Development] [http-nio-8500-exec-2] o.s.web.servlet.DispatcherServlet        : Initializing Servlet 'dispatcherServlet'
2025-06-25T09:39:12.462+07:00  INFO 12748 --- [Ecommerce Development] [http-nio-8500-exec-2] o.s.web.servlet.DispatcherServlet        : Completed initialization in 2 ms
2025-06-25T09:43:07.889+07:00  INFO 4660 --- [Ecommerce Development] [main] c.domrey.ecommerce.EcommerceApplication  : Starting EcommerceApplication using Java 17.0.14 with PID 4660 (D:\Dev_Projects\ecommerce\build\classes\java\main started by PC in D:\Dev_Projects\ecommerce)
2025-06-25T09:43:07.894+07:00  INFO 4660 --- [Ecommerce Development] [main] c.domrey.ecommerce.EcommerceApplication  : The following 1 profile is active: "dev"
2025-06-25T09:43:10.348+07:00  INFO 4660 --- [Ecommerce Development] [main] .s.d.r.c.RepositoryConfigurationDelegate : Bootstrapping Spring Data JPA repositories in DEFAULT mode.
2025-06-25T09:43:10.498+07:00  INFO 4660 --- [Ecommerce Development] [main] .s.d.r.c.RepositoryConfigurationDelegate : Finished Spring Data repository scanning in 128 ms. Found 5 JPA repository interfaces.
2025-06-25T09:43:11.926+07:00  INFO 4660 --- [Ecommerce Development] [main] o.s.b.w.embedded.tomcat.TomcatWebServer  : Tomcat initialized with port 8080 (http)
2025-06-25T09:43:11.953+07:00  INFO 4660 --- [Ecommerce Development] [main] o.apache.catalina.core.StandardService   : Starting service [Tomcat]
2025-06-25T09:43:11.955+07:00  INFO 4660 --- [Ecommerce Development] [main] o.apache.catalina.core.StandardEngine    : Starting Servlet engine: [Apache Tomcat/10.1.41]
2025-06-25T09:43:12.102+07:00  INFO 4660 --- [Ecommerce Development] [main] o.a.c.c.C.[Tomcat].[localhost].[/]       : Initializing Spring embedded WebApplicationContext
2025-06-25T09:43:12.104+07:00  INFO 4660 --- [Ecommerce Development] [main] w.s.c.ServletWebServerApplicationContext : Root WebApplicationContext: initialization completed in 4085 ms
2025-06-25T09:43:12.685+07:00  INFO 4660 --- [Ecommerce Development] [main] o.hibernate.jpa.internal.util.LogHelper  : HHH000204: Processing PersistenceUnitInfo [name: default]
2025-06-25T09:43:12.887+07:00  INFO 4660 --- [Ecommerce Development] [main] org.hibernate.Version                    : HHH000412: Hibernate ORM core version 6.6.15.Final
2025-06-25T09:43:13.005+07:00  INFO 4660 --- [Ecommerce Development] [main] o.h.c.internal.RegionFactoryInitiator    : HHH000026: Second-level cache disabled
2025-06-25T09:43:13.933+07:00  INFO 4660 --- [Ecommerce Development] [main] o.s.o.j.p.SpringPersistenceUnitInfo      : No LoadTimeWeaver setup: ignoring JPA class transformer
2025-06-25T09:43:14.002+07:00  INFO 4660 --- [Ecommerce Development] [main] com.zaxxer.hikari.HikariDataSource       : HikariPool-1 - Starting...
2025-06-25T09:43:14.495+07:00  INFO 4660 --- [Ecommerce Development] [main] com.zaxxer.hikari.pool.HikariPool        : HikariPool-1 - Added connection com.mysql.cj.jdbc.ConnectionImpl@126254ec
2025-06-25T09:43:14.499+07:00  INFO 4660 --- [Ecommerce Development] [main] com.zaxxer.hikari.HikariDataSource       : HikariPool-1 - Start completed.
2025-06-25T09:43:14.590+07:00  WARN 4660 --- [Ecommerce Development] [main] org.hibernate.dialect.Dialect            : HHH000511: The 5.7.31 version for [org.hibernate.dialect.MySQLDialect] is no longer supported, hence certain features may not work properly. The minimum supported version is 8.0.0. Check the community dialects project for available legacy versions.
2025-06-25T09:43:14.638+07:00  INFO 4660 --- [Ecommerce Development] [main] org.hibernate.orm.connections.pooling    : HHH10001005: Database info:
	Database JDBC URL [Connecting through datasource 'HikariDataSource (HikariPool-1)']
	Database driver: undefined/unknown
	Database version: 5.7.31
	Autocommit mode: undefined/unknown
	Isolation level: undefined/unknown
	Minimum pool size: undefined/unknown
	Maximum pool size: undefined/unknown
2025-06-25T09:43:16.432+07:00  INFO 4660 --- [Ecommerce Development] [main] o.h.e.t.j.p.i.JtaPlatformInitiator       : HHH000489: No JTA platform available (set 'hibernate.transaction.jta.platform' to enable JTA platform integration)
2025-06-25T09:43:16.432+07:00  INFO 4660 --- [Ecommerce Development] [main] j.LocalContainerEntityManagerFactoryBean : Initialized JPA EntityManagerFactory for persistence unit 'default'
2025-06-25T09:43:17.453+07:00  INFO 4660 --- [Ecommerce Development] [main] o.s.d.j.r.query.QueryEnhancerFactory     : Hibernate is in classpath; If applicable, HQL parser will be used.
2025-06-25T09:43:17.680+07:00  WARN 4660 --- [Ecommerce Development] [main] JpaBaseConfiguration$JpaWebConfiguration : spring.jpa.open-in-view is enabled by default. Therefore, database queries may be performed during view rendering. Explicitly configure spring.jpa.open-in-view to disable this warning
2025-06-25T09:43:17.783+07:00  INFO 4660 --- [Ecommerce Development] [main] o.s.b.a.w.s.WelcomePageHandlerMapping    : Adding welcome page: class path resource [static/index.html]
2025-06-25T09:43:18.501+07:00  INFO 4660 --- [Ecommerce Development] [main] o.s.b.a.e.web.EndpointLinksResolver      : Exposing 3 endpoints beneath base path '/actuator'
2025-06-25T09:43:18.571+07:00  INFO 4660 --- [Ecommerce Development] [main] eAuthenticationProviderManagerConfigurer : Global AuthenticationManager configured with AuthenticationProvider bean with name authenticationProvider
2025-06-25T09:43:18.571+07:00  WARN 4660 --- [Ecommerce Development] [main] r$InitializeUserDetailsManagerConfigurer : Global AuthenticationManager configured with an AuthenticationProvider bean. UserDetailsService beans will not be used by Spring Security for automatically configuring username/password login. Consider removing the AuthenticationProvider bean. Alternatively, consider using the UserDetailsService in a manually instantiated DaoAuthenticationProvider. If the current configuration is intentional, to turn off this warning, increase the logging level of 'org.springframework.security.config.annotation.authentication.configuration.InitializeUserDetailsBeanManagerConfigurer' to ERROR
2025-06-25T09:43:19.994+07:00  INFO 4660 --- [Ecommerce Development] [main] o.s.b.w.embedded.tomcat.TomcatWebServer  : Tomcat started on port 8080 (http) with context path '/'
2025-06-25T09:43:20.054+07:00  INFO 4660 --- [Ecommerce Development] [main] c.domrey.ecommerce.EcommerceApplication  : Started EcommerceApplication in 13.234 seconds (process running for 13.966)
2025-06-25T09:43:27.162+07:00  INFO 4660 --- [Ecommerce Development] [http-nio-8080-exec-1] o.a.c.c.C.[Tomcat].[localhost].[/]       : Initializing Spring DispatcherServlet 'dispatcherServlet'
2025-06-25T09:43:27.162+07:00  INFO 4660 --- [Ecommerce Development] [http-nio-8080-exec-1] o.s.web.servlet.DispatcherServlet        : Initializing Servlet 'dispatcherServlet'
2025-06-25T09:43:27.178+07:00  INFO 4660 --- [Ecommerce Development] [http-nio-8080-exec-1] o.s.web.servlet.DispatcherServlet        : Completed initialization in 16 ms
